<?xml version="1.0" encoding="utf-8"?><testsuites><testsuite name="pytest" errors="0" failures="0" skipped="0" tests="4" time="0.069" timestamp="2022-02-14T23:35:23.873032" hostname="DESKTOP-LM3Q5VB"><testcase classname="test_report_1.TestDeploy" name="test_stat[SAP]" time="0.003" /><testcase classname="test_report_1.TestDeploy" name="test_id[SAP]" time="0.002" /><testcase classname="test_report_1.TestDeploy" name="test_stat[SAP1]" time="0.001" /><testcase classname="test_report_1.TestDeploy" name="test_id[SAP1]" time="0.001" /></testsuite></testsuites>